<?xml version="1.0" encoding="UTF-8"?>
<testng-results skipped="21" failed="0" total="21" passed="0">
  <reporter-output>
  </reporter-output>
  <suite name="viddigoSuite" duration-ms="190" started-at="2016-08-13T15:25:08Z" finished-at="2016-08-13T15:25:08Z">
    <groups>
    </groups>
    <test name="LeftpanelTestcase" duration-ms="49" started-at="2016-08-13T15:25:08Z" finished-at="2016-08-13T15:25:08Z">
      <class name="com.learn.mobile.browser.testconfig">
        <test-method status="SKIP" signature="beforeTest()[pri:0, instance:com.learn.mobile.browser.testconfig@35d176f7]" name="beforeTest" is-config="true" duration-ms="0" started-at="2016-08-13T19:25:08Z" finished-at="2016-08-13T19:25:08Z">
          <reporter-output>
          </reporter-output>
        </test-method> <!-- beforeTest -->
        <test-method status="SKIP" signature="f()[pri:0, instance:com.learn.mobile.browser.testconfig@35d176f7]" name="f" duration-ms="0" started-at="2016-08-13T19:25:08Z" finished-at="2016-08-13T19:25:08Z">
          <reporter-output>
          </reporter-output>
        </test-method> <!-- f -->
        <test-method status="SKIP" signature="afterTest()[pri:0, instance:com.learn.mobile.browser.testconfig@35d176f7]" name="afterTest" is-config="true" duration-ms="0" started-at="2016-08-13T19:25:08Z" finished-at="2016-08-13T19:25:08Z">
          <reporter-output>
          </reporter-output>
        </test-method> <!-- afterTest -->
      </class> <!-- com.learn.mobile.browser.testconfig -->
      <class name="com.learn.mobile.browser.Leftsidepanel">
        <test-method status="SKIP" signature="leftsidepanel()[pri:0, instance:com.learn.mobile.browser.Leftsidepanel@1dfe2924]" name="leftsidepanel" duration-ms="0" started-at="2016-08-13T19:25:08Z" finished-at="2016-08-13T19:25:08Z">
          <reporter-output>
          </reporter-output>
        </test-method> <!-- leftsidepanel -->
        <test-method status="SKIP" signature="f()[pri:0, instance:com.learn.mobile.browser.Leftsidepanel@1dfe2924]" name="f" duration-ms="0" started-at="2016-08-13T19:25:08Z" finished-at="2016-08-13T19:25:08Z">
          <reporter-output>
          </reporter-output>
        </test-method> <!-- f -->
      </class> <!-- com.learn.mobile.browser.Leftsidepanel -->
    </test> <!-- LeftpanelTestcase -->
    <test name="LeftpanelLivetvTestcase" duration-ms="12" started-at="2016-08-13T15:25:08Z" finished-at="2016-08-13T15:25:08Z">
      <class name="com.learn.mobile.browser.Leftpanellivetv">
        <test-method status="SKIP" signature="beforeTest()[pri:0, instance:com.learn.mobile.browser.Leftpanellivetv@6c49835d]" name="beforeTest" is-config="true" duration-ms="0" started-at="2016-08-13T19:25:08Z" finished-at="2016-08-13T19:25:08Z">
          <reporter-output>
          </reporter-output>
        </test-method> <!-- beforeTest -->
        <test-method status="SKIP" signature="leftpanellivetv()[pri:0, instance:com.learn.mobile.browser.Leftpanellivetv@6c49835d]" name="leftpanellivetv" duration-ms="0" started-at="2016-08-13T19:25:08Z" finished-at="2016-08-13T19:25:08Z">
          <reporter-output>
          </reporter-output>
        </test-method> <!-- leftpanellivetv -->
        <test-method status="SKIP" signature="f()[pri:0, instance:com.learn.mobile.browser.Leftpanellivetv@6c49835d]" name="f" duration-ms="0" started-at="2016-08-13T19:25:08Z" finished-at="2016-08-13T19:25:08Z">
          <reporter-output>
          </reporter-output>
        </test-method> <!-- f -->
        <test-method status="SKIP" signature="afterTest()[pri:0, instance:com.learn.mobile.browser.Leftpanellivetv@6c49835d]" name="afterTest" is-config="true" duration-ms="0" started-at="2016-08-13T19:25:08Z" finished-at="2016-08-13T19:25:08Z">
          <reporter-output>
          </reporter-output>
        </test-method> <!-- afterTest -->
      </class> <!-- com.learn.mobile.browser.Leftpanellivetv -->
      <class name="com.learn.mobile.browser.LiveTVCategorypagesTest">
        <test-method status="SKIP" signature="livetvcategory()[pri:0, instance:com.learn.mobile.browser.LiveTVCategorypagesTest@5e853265]" name="livetvcategory" duration-ms="0" started-at="2016-08-13T19:25:08Z" finished-at="2016-08-13T19:25:08Z">
          <reporter-output>
          </reporter-output>
        </test-method> <!-- livetvcategory -->
        <test-method status="SKIP" signature="f()[pri:0, instance:com.learn.mobile.browser.LiveTVCategorypagesTest@5e853265]" name="f" duration-ms="0" started-at="2016-08-13T19:25:08Z" finished-at="2016-08-13T19:25:08Z">
          <reporter-output>
          </reporter-output>
        </test-method> <!-- f -->
      </class> <!-- com.learn.mobile.browser.LiveTVCategorypagesTest -->
    </test> <!-- LeftpanelLivetvTestcase -->
    <test name="LeftpanelVideoTestcase" duration-ms="13" started-at="2016-08-13T15:25:08Z" finished-at="2016-08-13T15:25:08Z">
      <class name="com.learn.mobile.browser.videocategory">
        <test-method status="SKIP" signature="f()[pri:0, instance:com.learn.mobile.browser.videocategory@694e1548]" name="f" duration-ms="1" started-at="2016-08-13T19:25:08Z" finished-at="2016-08-13T19:25:08Z">
          <reporter-output>
          </reporter-output>
        </test-method> <!-- f -->
        <test-method status="SKIP" signature="leftpanelvideo()[pri:0, instance:com.learn.mobile.browser.videocategory@694e1548]" name="leftpanelvideo" duration-ms="0" started-at="2016-08-13T19:25:08Z" finished-at="2016-08-13T19:25:08Z">
          <reporter-output>
          </reporter-output>
        </test-method> <!-- leftpanelvideo -->
      </class> <!-- com.learn.mobile.browser.videocategory -->
      <class name="com.learn.mobile.browser.leftpanelvideo">
        <test-method status="SKIP" signature="beforeTest()[pri:0, instance:com.learn.mobile.browser.leftpanelvideo@1f554b06]" name="beforeTest" is-config="true" duration-ms="0" started-at="2016-08-13T19:25:08Z" finished-at="2016-08-13T19:25:08Z">
          <reporter-output>
          </reporter-output>
        </test-method> <!-- beforeTest -->
        <test-method status="SKIP" signature="leftpanelvideo()[pri:0, instance:com.learn.mobile.browser.leftpanelvideo@1f554b06]" name="leftpanelvideo" duration-ms="0" started-at="2016-08-13T19:25:08Z" finished-at="2016-08-13T19:25:08Z">
          <reporter-output>
          </reporter-output>
        </test-method> <!-- leftpanelvideo -->
        <test-method status="SKIP" signature="f()[pri:0, instance:com.learn.mobile.browser.leftpanelvideo@1f554b06]" name="f" duration-ms="0" started-at="2016-08-13T19:25:08Z" finished-at="2016-08-13T19:25:08Z">
          <reporter-output>
          </reporter-output>
        </test-method> <!-- f -->
        <test-method status="SKIP" signature="afterTest()[pri:0, instance:com.learn.mobile.browser.leftpanelvideo@1f554b06]" name="afterTest" is-config="true" duration-ms="0" started-at="2016-08-13T19:25:08Z" finished-at="2016-08-13T19:25:08Z">
          <reporter-output>
          </reporter-output>
        </test-method> <!-- afterTest -->
      </class> <!-- com.learn.mobile.browser.leftpanelvideo -->
    </test> <!-- LeftpanelVideoTestcase -->
    <test name="FilterTestcase" duration-ms="9" started-at="2016-08-13T15:25:08Z" finished-at="2016-08-13T15:25:08Z">
      <class name="com.learn.mobile.browser.sortbyfiltertest">
        <test-method status="SKIP" signature="testSearchPage()[pri:0, instance:com.learn.mobile.browser.sortbyfiltertest@2d6eabae]" name="testSearchPage" duration-ms="0" started-at="2016-08-13T19:25:08Z" finished-at="2016-08-13T19:25:08Z">
          <reporter-output>
          </reporter-output>
        </test-method> <!-- testSearchPage -->
        <test-method status="SKIP" signature="f()[pri:0, instance:com.learn.mobile.browser.sortbyfiltertest@2d6eabae]" name="f" duration-ms="0" started-at="2016-08-13T19:25:08Z" finished-at="2016-08-13T19:25:08Z">
          <reporter-output>
          </reporter-output>
        </test-method> <!-- f -->
      </class> <!-- com.learn.mobile.browser.sortbyfiltertest -->
      <class name="com.learn.mobile.browser.Filtertest">
        <test-method status="SKIP" signature="beforeTest()[pri:0, instance:com.learn.mobile.browser.Filtertest@23faf8f2]" name="beforeTest" is-config="true" duration-ms="0" started-at="2016-08-13T19:25:08Z" finished-at="2016-08-13T19:25:08Z">
          <reporter-output>
          </reporter-output>
        </test-method> <!-- beforeTest -->
        <test-method status="SKIP" signature="testSearchPage()[pri:0, instance:com.learn.mobile.browser.Filtertest@23faf8f2]" name="testSearchPage" duration-ms="0" started-at="2016-08-13T19:25:08Z" finished-at="2016-08-13T19:25:08Z">
          <reporter-output>
          </reporter-output>
        </test-method> <!-- testSearchPage -->
        <test-method status="SKIP" signature="f()[pri:0, instance:com.learn.mobile.browser.Filtertest@23faf8f2]" name="f" duration-ms="0" started-at="2016-08-13T19:25:08Z" finished-at="2016-08-13T19:25:08Z">
          <reporter-output>
          </reporter-output>
        </test-method> <!-- f -->
        <test-method status="SKIP" signature="afterTest()[pri:0, instance:com.learn.mobile.browser.Filtertest@23faf8f2]" name="afterTest" is-config="true" duration-ms="0" started-at="2016-08-13T19:25:08Z" finished-at="2016-08-13T19:25:08Z">
          <reporter-output>
          </reporter-output>
        </test-method> <!-- afterTest -->
      </class> <!-- com.learn.mobile.browser.Filtertest -->
    </test> <!-- FilterTestcase -->
    <test name="TvGuide Testcase" duration-ms="6" started-at="2016-08-13T15:25:08Z" finished-at="2016-08-13T15:25:08Z">
      <class name="com.learn.mobile.browser.tvguide">
        <test-method status="SKIP" signature="beforeTest()[pri:0, instance:com.learn.mobile.browser.tvguide@1f7030a6]" name="beforeTest" is-config="true" duration-ms="0" started-at="2016-08-13T19:25:08Z" finished-at="2016-08-13T19:25:08Z">
          <reporter-output>
          </reporter-output>
        </test-method> <!-- beforeTest -->
        <test-method status="SKIP" signature="f()[pri:0, instance:com.learn.mobile.browser.tvguide@1f7030a6]" name="f" duration-ms="0" started-at="2016-08-13T19:25:08Z" finished-at="2016-08-13T19:25:08Z">
          <reporter-output>
          </reporter-output>
        </test-method> <!-- f -->
        <test-method status="SKIP" signature="testSearchPage()[pri:0, instance:com.learn.mobile.browser.tvguide@1f7030a6]" name="testSearchPage" duration-ms="0" started-at="2016-08-13T19:25:08Z" finished-at="2016-08-13T19:25:08Z">
          <reporter-output>
          </reporter-output>
        </test-method> <!-- testSearchPage -->
        <test-method status="SKIP" signature="afterTest()[pri:0, instance:com.learn.mobile.browser.tvguide@1f7030a6]" name="afterTest" is-config="true" duration-ms="0" started-at="2016-08-13T19:25:08Z" finished-at="2016-08-13T19:25:08Z">
          <reporter-output>
          </reporter-output>
        </test-method> <!-- afterTest -->
      </class> <!-- com.learn.mobile.browser.tvguide -->
    </test> <!-- TvGuide Testcase -->
    <test name="Addremovefavoritestestcase" duration-ms="5" started-at="2016-08-13T15:25:08Z" finished-at="2016-08-13T15:25:08Z">
      <class name="com.learn.mobile.browser.AddRemoveFavoirtesTest">
        <test-method status="SKIP" signature="beforeTest()[pri:0, instance:com.learn.mobile.browser.AddRemoveFavoirtesTest@1e965684]" name="beforeTest" is-config="true" duration-ms="0" started-at="2016-08-13T19:25:08Z" finished-at="2016-08-13T19:25:08Z">
          <reporter-output>
          </reporter-output>
        </test-method> <!-- beforeTest -->
        <test-method status="SKIP" signature="testSearchPage()[pri:0, instance:com.learn.mobile.browser.AddRemoveFavoirtesTest@1e965684]" name="testSearchPage" duration-ms="0" started-at="2016-08-13T19:25:08Z" finished-at="2016-08-13T19:25:08Z">
          <reporter-output>
          </reporter-output>
        </test-method> <!-- testSearchPage -->
        <test-method status="SKIP" signature="f()[pri:0, instance:com.learn.mobile.browser.AddRemoveFavoirtesTest@1e965684]" name="f" duration-ms="0" started-at="2016-08-13T19:25:08Z" finished-at="2016-08-13T19:25:08Z">
          <reporter-output>
          </reporter-output>
        </test-method> <!-- f -->
        <test-method status="SKIP" signature="afterTest()[pri:0, instance:com.learn.mobile.browser.AddRemoveFavoirtesTest@1e965684]" name="afterTest" is-config="true" duration-ms="0" started-at="2016-08-13T19:25:08Z" finished-at="2016-08-13T19:25:08Z">
          <reporter-output>
          </reporter-output>
        </test-method> <!-- afterTest -->
      </class> <!-- com.learn.mobile.browser.AddRemoveFavoirtesTest -->
    </test> <!-- Addremovefavoritestestcase -->
    <test name="Search Testcase" duration-ms="5" started-at="2016-08-13T15:25:08Z" finished-at="2016-08-13T15:25:08Z">
      <class name="com.learn.mobile.browser.searchtest">
        <test-method status="FAIL" signature="beforeSuite()[pri:0, instance:com.learn.mobile.browser.searchtest@4b1c1ea0]" name="beforeSuite" is-config="true" duration-ms="0" started-at="2016-08-13T19:25:05Z" finished-at="2016-08-13T19:25:05Z">
          <exception class="org.openqa.selenium.remote.UnreachableBrowserException">
            <message>
              <![CDATA[Could not start a new session. Possible causes are invalid address of the remote server or browser start-up failure.
Build info: version: 'unknown', revision: 'f233563', time: '2016-07-28 17:11:26 -0700'
System info: host: 'Akifs-MacBook-Air.local', ip: '10.1.0.7', os.name: 'Mac OS X', os.arch: 'x86_64', os.version: '10.11.6', java.version: '1.8.0_77'
Driver info: driver.version: IOSDriver]]>
            </message>
            <full-stacktrace>
              <![CDATA[org.openqa.selenium.remote.UnreachableBrowserException: Could not start a new session. Possible causes are invalid address of the remote server or browser start-up failure.
Build info: version: 'unknown', revision: 'f233563', time: '2016-07-28 17:11:26 -0700'
System info: host: 'Akifs-MacBook-Air.local', ip: '10.1.0.7', os.name: 'Mac OS X', os.arch: 'x86_64', os.version: '10.11.6', java.version: '1.8.0_77'
Driver info: driver.version: IOSDriver
	at org.openqa.selenium.remote.RemoteWebDriver.execute(RemoteWebDriver.java:670)
	at io.appium.java_client.DefaultGenericMobileDriver.execute(DefaultGenericMobileDriver.java:27)
	at io.appium.java_client.AppiumDriver.execute(AppiumDriver.java:1)
	at io.appium.java_client.ios.IOSDriver.execute(IOSDriver.java:1)
	at org.openqa.selenium.remote.RemoteWebDriver.startSession(RemoteWebDriver.java:247)
	at org.openqa.selenium.remote.RemoteWebDriver.<init>(RemoteWebDriver.java:130)
	at org.openqa.selenium.remote.RemoteWebDriver.<init>(RemoteWebDriver.java:157)
	at io.appium.java_client.DefaultGenericMobileDriver.<init>(DefaultGenericMobileDriver.java:22)
	at io.appium.java_client.AppiumDriver.<init>(AppiumDriver.java:202)
	at io.appium.java_client.ios.IOSDriver.<init>(IOSDriver.java:37)
	at com.learn.mobile.browser.testconfig.beforeSuite(testconfig.java:48)
	at sun.reflect.NativeMethodAccessorImpl.invoke0(Native Method)
	at sun.reflect.NativeMethodAccessorImpl.invoke(NativeMethodAccessorImpl.java:62)
	at sun.reflect.DelegatingMethodAccessorImpl.invoke(DelegatingMethodAccessorImpl.java:43)
	at java.lang.reflect.Method.invoke(Method.java:498)
	at org.testng.internal.MethodInvocationHelper.invokeMethod(MethodInvocationHelper.java:100)
	at org.testng.internal.Invoker.invokeConfigurationMethod(Invoker.java:515)
	at org.testng.internal.Invoker.invokeConfigurations(Invoker.java:216)
	at org.testng.internal.Invoker.invokeConfigurations(Invoker.java:143)
	at org.testng.SuiteRunner.privateRun(SuiteRunner.java:305)
	at org.testng.SuiteRunner.run(SuiteRunner.java:268)
	at org.testng.SuiteRunnerWorker.runSuite(SuiteRunnerWorker.java:52)
	at org.testng.SuiteRunnerWorker.run(SuiteRunnerWorker.java:86)
	at org.testng.TestNG.runSuitesSequentially(TestNG.java:1264)
	at org.testng.TestNG.runSuitesLocally(TestNG.java:1189)
	at org.testng.TestNG.runSuites(TestNG.java:1104)
	at org.testng.TestNG.run(TestNG.java:1076)
	at org.testng.remote.AbstractRemoteTestNG.run(AbstractRemoteTestNG.java:126)
	at org.testng.remote.RemoteTestNG.initAndRun(RemoteTestNG.java:152)
	at org.testng.remote.RemoteTestNG.main(RemoteTestNG.java:57)
Caused by: org.apache.http.conn.HttpHostConnectException: Connect to 127.0.0.1:4723 [/127.0.0.1] failed: Connection refused
	at org.apache.http.impl.conn.DefaultHttpClientConnectionOperator.connect(DefaultHttpClientConnectionOperator.java:158)
	at org.apache.http.impl.conn.PoolingHttpClientConnectionManager.connect(PoolingHttpClientConnectionManager.java:353)
	at org.apache.http.impl.execchain.MainClientExec.establishRoute(MainClientExec.java:380)
	at org.apache.http.impl.execchain.MainClientExec.execute(MainClientExec.java:236)
	at org.apache.http.impl.execchain.ProtocolExec.execute(ProtocolExec.java:184)
	at org.apache.http.impl.execchain.RetryExec.execute(RetryExec.java:88)
	at org.apache.http.impl.execchain.RedirectExec.execute(RedirectExec.java:110)
	at org.apache.http.impl.client.InternalHttpClient.doExecute(InternalHttpClient.java:184)
	at org.apache.http.impl.client.CloseableHttpClient.execute(CloseableHttpClient.java:71)
	at org.apache.http.impl.client.CloseableHttpClient.execute(CloseableHttpClient.java:55)
	at org.openqa.selenium.remote.internal.ApacheHttpClient.fallBackExecute(ApacheHttpClient.java:142)
	at org.openqa.selenium.remote.internal.ApacheHttpClient.execute(ApacheHttpClient.java:88)
	at org.openqa.selenium.remote.HttpCommandExecutor.execute(HttpCommandExecutor.java:142)
	at org.openqa.selenium.remote.RemoteWebDriver.execute(RemoteWebDriver.java:649)
	... 29 more
Caused by: java.net.ConnectException: Connection refused
	at java.net.PlainSocketImpl.socketConnect(Native Method)
	at java.net.AbstractPlainSocketImpl.doConnect(AbstractPlainSocketImpl.java:350)
	at java.net.AbstractPlainSocketImpl.connectToAddress(AbstractPlainSocketImpl.java:206)
	at java.net.AbstractPlainSocketImpl.connect(AbstractPlainSocketImpl.java:188)
	at java.net.SocksSocketImpl.connect(SocksSocketImpl.java:392)
	at java.net.Socket.connect(Socket.java:589)
	at org.apache.http.conn.socket.PlainConnectionSocketFactory.connectSocket(PlainConnectionSocketFactory.java:74)
	at org.apache.http.impl.conn.DefaultHttpClientConnectionOperator.connect(DefaultHttpClientConnectionOperator.java:141)
	... 42 more
]]>
            </full-stacktrace>
          </exception> <!-- org.openqa.selenium.remote.UnreachableBrowserException -->
          <reporter-output>
          </reporter-output>
        </test-method> <!-- beforeSuite -->
        <test-method status="SKIP" signature="beforeTest()[pri:0, instance:com.learn.mobile.browser.searchtest@4b1c1ea0]" name="beforeTest" is-config="true" duration-ms="0" started-at="2016-08-13T19:25:08Z" finished-at="2016-08-13T19:25:08Z">
          <reporter-output>
          </reporter-output>
        </test-method> <!-- beforeTest -->
        <test-method status="SKIP" signature="testSearchPage()[pri:0, instance:com.learn.mobile.browser.searchtest@4b1c1ea0]" name="testSearchPage" duration-ms="0" started-at="2016-08-13T19:25:08Z" finished-at="2016-08-13T19:25:08Z">
          <reporter-output>
          </reporter-output>
        </test-method> <!-- testSearchPage -->
        <test-method status="SKIP" signature="f()[pri:0, instance:com.learn.mobile.browser.searchtest@4b1c1ea0]" name="f" duration-ms="0" started-at="2016-08-13T19:25:08Z" finished-at="2016-08-13T19:25:08Z">
          <reporter-output>
          </reporter-output>
        </test-method> <!-- f -->
        <test-method status="SKIP" signature="afterTest()[pri:0, instance:com.learn.mobile.browser.searchtest@4b1c1ea0]" name="afterTest" is-config="true" duration-ms="0" started-at="2016-08-13T19:25:08Z" finished-at="2016-08-13T19:25:08Z">
          <reporter-output>
          </reporter-output>
        </test-method> <!-- afterTest -->
        <test-method status="SKIP" signature="afterSuite()[pri:0, instance:com.learn.mobile.browser.searchtest@4b1c1ea0]" name="afterSuite" is-config="true" duration-ms="0" started-at="2016-08-13T19:25:08Z" finished-at="2016-08-13T19:25:08Z">
          <reporter-output>
          </reporter-output>
        </test-method> <!-- afterSuite -->
      </class> <!-- com.learn.mobile.browser.searchtest -->
    </test> <!-- Search Testcase -->
  </suite> <!-- viddigoSuite -->
</testng-results>
