<?xml version="1.0" encoding="UTF-8"?>
<!-- Generated by org.testng.reporters.JUnitXMLReporter -->
<testsuite hostname="Akifs-MacBook-Air.local" name="Addremovefavoritestestcase" tests="2" failures="0" timestamp="13 Aug 2016 15:25:08 GMT" time="0.005" errors="0">
  <testcase name="@BeforeTest beforeTest" time="0.0" classname="com.learn.mobile.browser.AddRemoveFavoirtesTest">
    <skipped/>
  </testcase> <!-- @BeforeTest beforeTest -->
  <testcase name="@AfterTest afterTest" time="0.0" classname="com.learn.mobile.browser.AddRemoveFavoirtesTest">
    <skipped/>
  </testcase> <!-- @AfterTest afterTest -->
  <testcase name="testSearchPage" time="0.0" classname="com.learn.mobile.browser.AddRemoveFavoirtesTest">
    <skipped/>
  </testcase> <!-- testSearchPage -->
  <testcase name="f" time="0.0" classname="com.learn.mobile.browser.AddRemoveFavoirtesTest">
    <skipped/>
  </testcase> <!-- f -->
</testsuite> <!-- Addremovefavoritestestcase -->
