<?xml version="1.0" encoding="UTF-8"?>
<!-- Generated by org.testng.reporters.JUnitXMLReporter -->
<testsuite hostname="Akifs-MacBook-Air.local" name="LeftpanelTestcase" tests="3" failures="0" timestamp="13 Aug 2016 15:27:22 GMT" time="12.805" errors="0">
  <testcase name="f" time="0.033" classname="com.learn.mobile.browser.testconfig"/>
  <testcase name="leftsidepanel" time="12.532" classname="com.learn.mobile.browser.Leftsidepanel"/>
  <testcase name="f" time="0.002" classname="com.learn.mobile.browser.Leftsidepanel"/>
</testsuite> <!-- LeftpanelTestcase -->
