<?xml version="1.0" encoding="UTF-8"?>
<!-- Generated by org.testng.reporters.JUnitXMLReporter -->
<testsuite hostname="Akifs-MacBook-Air.local" name="LeftpanelVideoTestcase" tests="4" failures="0" timestamp="13 Aug 2016 15:25:08 GMT" time="0.013" errors="0">
  <testcase name="@BeforeTest beforeTest" time="0.0" classname="com.learn.mobile.browser.leftpanelvideo">
    <skipped/>
  </testcase> <!-- @BeforeTest beforeTest -->
  <testcase name="@AfterTest afterTest" time="0.0" classname="com.learn.mobile.browser.leftpanelvideo">
    <skipped/>
  </testcase> <!-- @AfterTest afterTest -->
  <testcase name="leftpanelvideo" time="0.0" classname="com.learn.mobile.browser.leftpanelvideo">
    <skipped/>
  </testcase> <!-- leftpanelvideo -->
  <testcase name="f" time="0.0" classname="com.learn.mobile.browser.leftpanelvideo">
    <skipped/>
  </testcase> <!-- f -->
  <testcase name="f" time="0.001" classname="com.learn.mobile.browser.videocategory">
    <skipped/>
  </testcase> <!-- f -->
  <testcase name="leftpanelvideo" time="0.0" classname="com.learn.mobile.browser.videocategory">
    <skipped/>
  </testcase> <!-- leftpanelvideo -->
</testsuite> <!-- LeftpanelVideoTestcase -->
