<?xml version="1.0" encoding="UTF-8"?>
<!-- Generated by org.testng.reporters.JUnitXMLReporter -->
<testsuite hostname="Akifs-MacBook-Air.local" name="LeftpanelLivetvTestcase" tests="4" failures="0" timestamp="13 Aug 2016 15:25:08 GMT" time="0.012" errors="0">
  <testcase name="@BeforeTest beforeTest" time="0.0" classname="com.learn.mobile.browser.Leftpanellivetv">
    <skipped/>
  </testcase> <!-- @BeforeTest beforeTest -->
  <testcase name="@AfterTest afterTest" time="0.0" classname="com.learn.mobile.browser.Leftpanellivetv">
    <skipped/>
  </testcase> <!-- @AfterTest afterTest -->
  <testcase name="leftpanellivetv" time="0.0" classname="com.learn.mobile.browser.Leftpanellivetv">
    <skipped/>
  </testcase> <!-- leftpanellivetv -->
  <testcase name="f" time="0.0" classname="com.learn.mobile.browser.Leftpanellivetv">
    <skipped/>
  </testcase> <!-- f -->
  <testcase name="livetvcategory" time="0.0" classname="com.learn.mobile.browser.LiveTVCategorypagesTest">
    <skipped/>
  </testcase> <!-- livetvcategory -->
  <testcase name="f" time="0.0" classname="com.learn.mobile.browser.LiveTVCategorypagesTest">
    <skipped/>
  </testcase> <!-- f -->
</testsuite> <!-- LeftpanelLivetvTestcase -->
